<?xml version="1.0" encoding="UTF-8"?>
<testng-results ignored="0" total="1" passed="1" failed="0" skipped="0">
  <reporter-output>
  </reporter-output>
  <suite started-at="2022-11-05T20:37:06 IST" name="Git Basic" finished-at="2022-11-05T20:37:06 IST" duration-ms="75">
    <groups>
    </groups>
    <test started-at="2022-11-05T20:37:06 IST" name="Git Basic Test cases" finished-at="2022-11-05T20:37:06 IST" duration-ms="75">
      <class name="basic.HelloWorld">
        <test-method signature="testcase()[pri:0, instance:basic.HelloWorld@402e37bc]" started-at="2022-11-05T20:37:06 IST" name="testcase" finished-at="2022-11-05T20:37:06 IST" duration-ms="10" status="PASS">
          <reporter-output>
          </reporter-output>
        </test-method> <!-- testcase -->
      </class> <!-- basic.HelloWorld -->
    </test> <!-- Git Basic Test cases -->
  </suite> <!-- Git Basic -->
</testng-results>
