<?xml version="1.0" encoding="UTF-8"?>
<testng-results ignored="0" total="1" passed="1" failed="0" skipped="0">
  <reporter-output>
  </reporter-output>
  <suite started-at="2022-11-05T20:32:12 IST" name="Git Basic" finished-at="2022-11-05T20:32:12 IST" duration-ms="46">
    <groups>
    </groups>
    <test started-at="2022-11-05T20:32:12 IST" name="Git Basic Test cases" finished-at="2022-11-05T20:32:12 IST" duration-ms="46">
      <class name="basic.HelloWorld">
        <test-method signature="testcase()[pri:0, instance:basic.HelloWorld@9225652]" started-at="2022-11-05T20:32:12 IST" name="testcase" finished-at="2022-11-05T20:32:12 IST" duration-ms="11" status="PASS">
          <reporter-output>
          </reporter-output>
        </test-method> <!-- testcase -->
      </class> <!-- basic.HelloWorld -->
    </test> <!-- Git Basic Test cases -->
  </suite> <!-- Git Basic -->
</testng-results>
